<?xml version="1.0" encoding="UTF-8"?>
<testsuite name="org.billschofield.tictactoe.GameTest" tests="2" skipped="0" failures="0" errors="0" timestamp="2021-07-13T21:29:34" hostname="rappac-a01.vmware.com" time="0.441">
  <properties/>
  <testcase name="shouldPromptPlayerOneToMoveWhenTheGameStarts" classname="org.billschofield.tictactoe.GameTest" time="0.44"/>
  <testcase name="shouldDrawTheBoardTwiceWhenTheGameStarts" classname="org.billschofield.tictactoe.GameTest" time="0.001"/>
  <system-out><![CDATA[]]></system-out>
  <system-err><![CDATA[]]></system-err>
</testsuite>
