<?xml version="1.0" encoding="UTF-8"?>
<testsuite name="org.billschofield.tictactoe.BoardTest" tests="4" skipped="0" failures="0" errors="0" timestamp="2021-07-21T20:22:47" hostname="rappac-a01.vmware.com" time="0.485">
  <properties/>
  <testcase name="shouldDrawPlayerSymbolWhenPlayerMakesMove" classname="org.billschofield.tictactoe.BoardTest" time="0.47"/>
  <testcase name="shouldDrawThreeByThreeMatrixWhenBoardDraw" classname="org.billschofield.tictactoe.BoardTest" time="0.014"/>
  <testcase name="shouldReturnFalseWhenThePlayerMakesAnInvalidMove" classname="org.billschofield.tictactoe.BoardTest" time="0.0"/>
  <testcase name="shouldCalculateOneLessAvaibleMoveAfterPlayerMoves" classname="org.billschofield.tictactoe.BoardTest" time="0.0"/>
  <system-out><![CDATA[]]></system-out>
  <system-err><![CDATA[]]></system-err>
</testsuite>
