<?xml version="1.0" encoding="UTF-8"?>
<testsuite name="org.billschofield.tictactoe.BoardTest" tests="2" skipped="0" failures="0" errors="0" timestamp="2021-07-13T21:29:28" hostname="rappac-a01.vmware.com" time="0.367">
  <properties/>
  <testcase name="shouldDrawPlayerSymbolWhenPlayerMakesMove" classname="org.billschofield.tictactoe.BoardTest" time="0.357"/>
  <testcase name="shouldDrawThreeByThreeMatrixWhenBoardDraw" classname="org.billschofield.tictactoe.BoardTest" time="0.01"/>
  <system-out><![CDATA[]]></system-out>
  <system-err><![CDATA[]]></system-err>
</testsuite>
