<?xml version="1.0" encoding="UTF-8"?>
<testsuite name="org.billschofield.tictactoe.PlayerTest" tests="1" skipped="0" failures="0" errors="0" timestamp="2021-07-13T22:06:19" hostname="rappac-a01.vmware.com" time="0.399">
  <properties/>
  <testcase name="shouldTellTheBoardToDrawMarkWhenPlayerAsks" classname="org.billschofield.tictactoe.PlayerTest" time="0.399"/>
  <system-out><![CDATA[]]></system-out>
  <system-err><![CDATA[]]></system-err>
</testsuite>
