<?xml version="1.0" encoding="UTF-8"?>
<testsuite name="org.billschofield.tictactoe.GameTest" tests="2" skipped="0" failures="0" errors="0" timestamp="2021-07-13T22:06:15" hostname="rappac-a01.vmware.com" time="0.402">
  <properties/>
  <testcase name="shouldPromptPlayerOneToMoveWhenTheGameStarts" classname="org.billschofield.tictactoe.GameTest" time="0.401"/>
  <testcase name="shouldDrawTheBoardTwiceWhenTheGameStarts" classname="org.billschofield.tictactoe.GameTest" time="0.0"/>
  <system-out><![CDATA[]]></system-out>
  <system-err><![CDATA[]]></system-err>
</testsuite>
