<?xml version="1.0" encoding="UTF-8"?>
<testsuite name="org.billschofield.tictactoe.PlayerTest" tests="1" skipped="0" failures="0" errors="0" timestamp="2021-07-11T20:16:33" hostname="rappac-a01.vmware.com" time="0.001">
  <properties/>
  <testcase name="shouldPromptPlayerOneToMoveWhenTheGameStarts" classname="org.billschofield.tictactoe.PlayerTest" time="0.001"/>
  <system-out><![CDATA[]]></system-out>
  <system-err><![CDATA[]]></system-err>
</testsuite>
