<?xml version="1.0" encoding="UTF-8"?>
<testsuite name="org.billschofield.tictactoe.GameTest" tests="1" skipped="0" failures="0" errors="0" timestamp="2021-07-08T22:03:20" hostname="rappac-a01.vmware.com" time="0.5">
  <properties/>
  <testcase name="removesPlayerMoveFromArrayOfAvailableMoves" classname="org.billschofield.tictactoe.GameTest" time="0.5"/>
  <system-out><![CDATA[]]></system-out>
  <system-err><![CDATA[]]></system-err>
</testsuite>
