<?xml version="1.0" encoding="UTF-8"?>
<testsuite name="org.billschofield.tictactoe.GameTest" tests="3" skipped="0" failures="0" errors="0" timestamp="2021-07-14T18:00:59" hostname="rappac-a01.vmware.com" time="0.066">
  <properties/>
  <testcase name="shouldPromptPlayerOneToMoveWhenTheGameStarts" classname="org.billschofield.tictactoe.GameTest" time="0.064"/>
  <testcase name="shouldSwitchToPlayer2AfterPlayerOneMovesAndPromptPlayerTwo" classname="org.billschofield.tictactoe.GameTest" time="0.0"/>
  <testcase name="shouldDrawTheBoardTwiceWhenTheGameStarts" classname="org.billschofield.tictactoe.GameTest" time="0.0"/>
  <system-out><![CDATA[]]></system-out>
  <system-err><![CDATA[]]></system-err>
</testsuite>
